#Animation Enging


--------------------------------------- 2016-05-05-10-12-57-685
[notice ] Framerate: 59


--------------------------------------- 2016-05-05-10-13-00-413
[notice ] Sweep Msg


--------------------------------------- 2016-05-05-10-13-02-980
[notice ] Sweep Msg


--------------------------------------- 2016-05-05-10-13-06-747
[notice ] Sweep Msg


--------------------------------------- 2016-05-05-10-13-07-714
[notice ] Framerate: 60


--------------------------------------- 2016-05-05-10-13-16-653
[notice ] Sweep Msg


--------------------------------------- 2016-05-05-10-13-17-742
[notice ] Framerate: 59


--------------------------------------- 2016-05-05-10-13-19-885
[notice ] Sweep Msg


--------------------------------------- 2016-05-05-10-13-27-767
[notice ] Framerate: 60


--------------------------------------- 2016-05-05-10-13-28-284
[notice ] Sweep Msg


--------------------------------------- 2016-05-05-10-13-37-790
[notice ] Framerate: 51


--------------------------------------- 2016-05-05-10-13-38-173
[notice ] Sweep Msg


--------------------------------------- 2016-05-05-10-13-47-820
[notice ] Framerate: 60


--------------------------------------- 2016-05-05-10-13-57-838
[notice ] Framerate: 59


--------------------------------------- 2016-05-05-10-14-47-129
[notice ] Framerate: 49


--------------------------------------- 2016-05-05-10-14-51-348
[notice ] Sweep Msg


--------------------------------------- 2016-05-05-10-14-55-697
[notice ] Sweep Msg


--------------------------------------- 2016-05-05-10-14-56-148
[notice ] Sweep Msg


--------------------------------------- 2016-05-05-10-14-56-515
[notice ] Sweep Msg


--------------------------------------- 2016-05-05-10-14-56-882
[notice ] Sweep Msg


--------------------------------------- 2016-05-05-10-14-57-148
[notice ] Framerate: 60


--------------------------------------- 2016-05-05-10-14-57-782
[notice ] Explosion Msg


--------------------------------------- 2016-05-05-10-14-58-130
[notice ] Explosion Msg


--------------------------------------- 2016-05-05-10-14-58-548
[notice ] Explosion Msg


--------------------------------------- 2016-05-05-10-14-59-381
[notice ] Explosion Msg


--------------------------------------- 2016-05-05-10-15-02-099
[notice ] Sweep Msg


--------------------------------------- 2016-05-05-10-15-02-432
[notice ] Sweep Msg


--------------------------------------- 2016-05-05-10-15-02-849
[notice ] Sweep Msg


--------------------------------------- 2016-05-05-10-15-03-148
[notice ] Sweep Msg


--------------------------------------- 2016-05-05-10-15-03-515
[notice ] Sweep Msg


--------------------------------------- 2016-05-05-10-15-06-832
[notice ] Explosion Msg


--------------------------------------- 2016-05-05-10-15-07-166
[notice ] Framerate: 59


--------------------------------------- 2016-05-05-10-15-07-182
[notice ] Explosion Msg


--------------------------------------- 2016-05-05-10-15-07-448
[notice ] Explosion Msg


--------------------------------------- 2016-05-05-10-15-07-732
[notice ] Explosion Msg


--------------------------------------- 2016-05-05-10-15-08-050
[notice ] Explosion Msg


--------------------------------------- 2016-05-05-10-15-08-804
[notice ] Sweep Msg


--------------------------------------- 2016-05-05-10-15-09-051
[notice ] Sweep Msg


--------------------------------------- 2016-05-05-10-15-09-352
[notice ] Sweep Msg


--------------------------------------- 2016-05-05-10-15-09-599
[notice ] Sweep Msg


--------------------------------------- 2016-05-05-10-15-11-482
[notice ] Explosion Msg


--------------------------------------- 2016-05-05-10-15-11-800
[notice ] Explosion Msg


--------------------------------------- 2016-05-05-10-15-12-149
[notice ] Explosion Msg


--------------------------------------- 2016-05-05-10-15-13-084
[notice ] Sweep Msg


--------------------------------------- 2016-05-05-10-15-13-317
[notice ] Sweep Msg


--------------------------------------- 2016-05-05-10-15-13-567
[notice ] Sweep Msg


--------------------------------------- 2016-05-05-10-15-17-183
[notice ] Framerate: 60


--------------------------------------- 2016-05-05-10-15-27-203
[notice ] Framerate: 59


--------------------------------------- 2016-05-05-10-15-37-226
[notice ] Framerate: 58


--------------------------------------- 2016-05-05-10-15-43-170
[notice ] Sweep Msg


--------------------------------------- 2016-05-05-10-15-43-921
[notice ] Sweep Msg


--------------------------------------- 2016-05-05-10-15-44-171
[notice ] Sweep Msg


--------------------------------------- 2016-05-05-10-15-45-122
[notice ] Explosion Msg


--------------------------------------- 2016-05-05-10-15-45-387
[notice ] Explosion Msg


--------------------------------------- 2016-05-05-10-15-47-255
[notice ] Framerate: 60


--------------------------------------- 2016-05-05-10-15-50-889
[notice ] Sweep Msg


--------------------------------------- 2016-05-05-10-15-53-656
[notice ] Sweep Msg


--------------------------------------- 2016-05-05-10-15-53-973
[notice ] Sweep Msg


--------------------------------------- 2016-05-05-10-15-54-507
[notice ] Sweep Msg


--------------------------------------- 2016-05-05-10-15-54-922
[notice ] Sweep Msg


--------------------------------------- 2016-05-05-10-15-55-339
[notice ] Sweep Msg


--------------------------------------- 2016-05-05-10-15-55-840
[notice ] Sweep Msg


--------------------------------------- 2016-05-05-10-15-56-256
[notice ] Sweep Msg


--------------------------------------- 2016-05-05-10-15-56-624
[notice ] Sweep Msg


--------------------------------------- 2016-05-05-10-15-56-989
[notice ] Sweep Msg


--------------------------------------- 2016-05-05-10-15-57-273
[notice ] Framerate: 59


--------------------------------------- 2016-05-05-10-15-57-357
[notice ] Sweep Msg


--------------------------------------- 2016-05-05-10-15-57-724
[notice ] Sweep Msg


--------------------------------------- 2016-05-05-10-15-58-124
[notice ] Sweep Msg


--------------------------------------- 2016-05-05-10-15-58-691
[notice ] Sweep Msg


--------------------------------------- 2016-05-05-10-15-59-122
[notice ] Sweep Msg


--------------------------------------- 2016-05-05-10-15-59-506
[notice ] Sweep Msg


--------------------------------------- 2016-05-05-10-16-00-035
[notice ] Sweep Msg


--------------------------------------- 2016-05-05-10-16-00-425
[notice ] Sweep Msg


--------------------------------------- 2016-05-05-10-16-07-108
[notice ] Sweep Msg


--------------------------------------- 2016-05-05-10-16-07-291
[notice ] Framerate: 60


--------------------------------------- 2016-05-05-10-16-07-424
[notice ] Sweep Msg


--------------------------------------- 2016-05-05-10-16-07-924
[notice ] Sweep Msg


--------------------------------------- 2016-05-05-10-16-08-390
[notice ] Sweep Msg


--------------------------------------- 2016-05-05-10-16-08-841
[notice ] Sweep Msg


--------------------------------------- 2016-05-05-10-16-09-190
[notice ] Sweep Msg


--------------------------------------- 2016-05-05-10-16-09-841
[notice ] Explosion Msg


--------------------------------------- 2016-05-05-10-16-14-991
[notice ] Explosion Msg


--------------------------------------- 2016-05-05-10-16-16-059
[notice ] Explosion Msg


--------------------------------------- 2016-05-05-10-16-16-408
[notice ] Explosion Msg


--------------------------------------- 2016-05-05-10-16-17-307
[notice ] Framerate: 59


--------------------------------------- 2016-05-05-10-16-17-359
[notice ] Sweep Msg


--------------------------------------- 2016-05-05-10-16-17-590
[notice ] Sweep Msg


--------------------------------------- 2016-05-05-10-16-17-925
[notice ] Sweep Msg


--------------------------------------- 2016-05-05-10-16-18-342
[notice ] Sweep Msg


--------------------------------------- 2016-05-05-10-16-18-742
[notice ] Sweep Msg


--------------------------------------- 2016-05-05-10-16-19-091
[notice ] Sweep Msg


--------------------------------------- 2016-05-05-10-16-19-842
[notice ] Sweep Msg


--------------------------------------- 2016-05-05-10-16-20-442
[notice ] Sweep Msg


--------------------------------------- 2016-05-05-10-16-20-941
[notice ] Sweep Msg


--------------------------------------- 2016-05-05-10-16-21-458
[notice ] Sweep Msg


--------------------------------------- 2016-05-05-10-16-22-010
[notice ] Sweep Msg


--------------------------------------- 2016-05-05-10-16-22-442
[notice ] Sweep Msg


--------------------------------------- 2016-05-05-10-16-27-110
[notice ] Sweep Msg


--------------------------------------- 2016-05-05-10-16-27-320
[notice ] Framerate: 58


--------------------------------------- 2016-05-05-10-16-27-611
[notice ] Sweep Msg


--------------------------------------- 2016-05-05-10-16-28-069
[notice ] Sweep Msg


--------------------------------------- 2016-05-05-10-16-28-827
[notice ] Sweep Msg


--------------------------------------- 2016-05-05-10-16-29-753
[notice ] Sweep Msg


--------------------------------------- 2016-05-05-10-16-30-560
[notice ] Sweep Msg


--------------------------------------- 2016-05-05-10-16-32-461
[notice ] Sweep Msg


--------------------------------------- 2016-05-05-10-16-32-677
[notice ] Sweep Msg


--------------------------------------- 2016-05-05-10-16-32-904
[notice ] Sweep Msg


--------------------------------------- 2016-05-05-10-16-33-744
[notice ] Sweep Msg


--------------------------------------- 2016-05-05-10-16-34-077
[notice ] Sweep Msg


--------------------------------------- 2016-05-05-10-16-36-111
[notice ] Sweep Msg


--------------------------------------- 2016-05-05-10-16-36-378
[notice ] Sweep Msg


--------------------------------------- 2016-05-05-10-16-37-011
[notice ] Sweep Msg


--------------------------------------- 2016-05-05-10-16-37-344
[notice ] Framerate: 59


--------------------------------------- 2016-05-05-10-16-38-811
[notice ] Sweep Msg


--------------------------------------- 2016-05-05-10-16-39-060
[notice ] Sweep Msg


--------------------------------------- 2016-05-05-10-16-39-429
[notice ] Sweep Msg


--------------------------------------- 2016-05-05-10-16-39-894
[notice ] Sweep Msg


--------------------------------------- 2016-05-05-10-16-40-639
[notice ] Sweep Msg


--------------------------------------- 2016-05-05-10-16-41-684
[notice ] Sweep Msg


--------------------------------------- 2016-05-05-10-16-42-145
[notice ] Sweep Msg


--------------------------------------- 2016-05-05-10-16-43-262
[notice ] Sweep Msg


--------------------------------------- 2016-05-05-10-16-45-795
[notice ] Sweep Msg


--------------------------------------- 2016-05-05-10-16-46-029
[notice ] Sweep Msg


--------------------------------------- 2016-05-05-10-16-46-595
[notice ] Sweep Msg


--------------------------------------- 2016-05-05-10-16-47-380
[notice ] Framerate: 59


--------------------------------------- 2016-05-06-11-35-30-797
[notice ] Framerate: 60


--------------------------------------- 2016-05-06-11-35-40-815
[notice ] Framerate: 59


--------------------------------------- 2016-05-06-11-35-50-842
[notice ] Framerate: 59


--------------------------------------- 2016-05-06-11-36-00-873
[notice ] Framerate: 59


--------------------------------------- 2016-05-06-11-36-10-892
[notice ] Framerate: 59


--------------------------------------- 2016-05-06-11-36-20-927
[notice ] Framerate: 59


--------------------------------------- 2016-05-06-11-36-30-964
[notice ] Framerate: 53


--------------------------------------- 2016-05-06-11-36-40-980
[notice ] Framerate: 53


--------------------------------------- 2016-05-06-11-39-14-255
[notice ] Framerate: 60


--------------------------------------- 2016-05-06-11-39-24-285
[notice ] Framerate: 59


--------------------------------------- 2016-05-06-11-39-34-303
[notice ] Framerate: 59


--------------------------------------- 2016-05-06-11-39-44-321
[notice ] Framerate: 59


--------------------------------------- 2016-05-06-11-39-54-361
[notice ] Framerate: 57


--------------------------------------- 2016-05-06-11-40-04-391
[notice ] Framerate: 58


--------------------------------------- 2016-05-06-11-40-14-403
[notice ] Framerate: 57


--------------------------------------- 2016-05-06-11-40-24-433
[notice ] Framerate: 50


--------------------------------------- 2016-05-06-11-40-34-462
[notice ] Framerate: 53


--------------------------------------- 2016-05-06-11-40-44-472
[notice ] Framerate: 57


--------------------------------------- 2016-05-06-11-40-54-499
[notice ] Framerate: 50


--------------------------------------- 2016-05-06-11-41-04-550
[notice ] Framerate: 50


--------------------------------------- 2016-05-06-11-41-14-567
[notice ] Framerate: 59


--------------------------------------- 2016-05-06-11-50-22-178
[notice ] Framerate: 59


--------------------------------------- 2016-05-06-11-50-32-209
[notice ] Framerate: 60


--------------------------------------- 2016-05-06-11-50-42-249
[notice ] Framerate: 50


--------------------------------------- 2016-05-06-11-50-52-279
[notice ] Framerate: 52


--------------------------------------- 2016-05-06-11-51-02-313
[notice ] Framerate: 52


--------------------------------------- 2016-05-06-11-51-12-348
[notice ] Framerate: 55


--------------------------------------- 2016-05-06-11-51-22-365
[notice ] Framerate: 52


--------------------------------------- 2016-05-06-11-51-32-384
[notice ] Framerate: 55


--------------------------------------- 2016-05-06-11-51-42-436
[notice ] Framerate: 54


--------------------------------------- 2016-05-06-11-51-52-451
[notice ] Framerate: 52


--------------------------------------- 2016-05-06-11-52-02-472
[notice ] Framerate: 59


--------------------------------------- 2016-05-06-11-52-12-489
[notice ] Framerate: 59


--------------------------------------- 2016-05-06-11-52-22-508
[notice ] Framerate: 59


--------------------------------------- 2016-05-06-11-52-32-525
[notice ] Framerate: 59


--------------------------------------- 2016-05-06-11-52-42-548
[notice ] Framerate: 60


--------------------------------------- 2016-05-06-11-52-52-577
[notice ] Framerate: 59


--------------------------------------- 2016-05-06-11-53-02-601
[notice ] Framerate: 60


--------------------------------------- 2016-05-06-11-53-12-630
[notice ] Framerate: 60


--------------------------------------- 2016-05-06-11-53-22-653
[notice ] Framerate: 59


--------------------------------------- 2016-05-06-11-53-32-683
[notice ] Framerate: 59


--------------------------------------- 2016-05-06-11-53-42-703
[notice ] Framerate: 60


--------------------------------------- 2016-05-06-11-53-52-724
[notice ] Framerate: 60


--------------------------------------- 2016-05-06-11-54-02-754
[notice ] Framerate: 59


--------------------------------------- 2016-05-06-11-54-12-773
[notice ] Framerate: 60


--------------------------------------- 2016-05-06-11-54-22-791
[notice ] Framerate: 60


--------------------------------------- 2016-05-06-11-54-32-807
[notice ] Framerate: 60


--------------------------------------- 2016-05-06-11-54-42-826
[notice ] Framerate: 59


--------------------------------------- 2016-05-06-11-54-52-845
[notice ] Framerate: 60


--------------------------------------- 2016-05-06-11-55-02-862
[notice ] Framerate: 59


--------------------------------------- 2016-05-06-11-55-12-882
[notice ] Framerate: 82


--------------------------------------- 2016-05-06-11-55-22-898
[notice ] Framerate: 87


--------------------------------------- 2016-05-06-11-55-32-909
[notice ] Framerate: 89


--------------------------------------- 2016-05-06-11-55-42-927
[notice ] Framerate: 88


--------------------------------------- 2016-05-06-11-55-52-946
[notice ] Framerate: 90


--------------------------------------- 2016-05-06-11-56-02-971
[notice ] Framerate: 73


--------------------------------------- 2016-05-06-11-56-12-994
[notice ] Framerate: 80


--------------------------------------- 2016-05-06-11-56-23-016
[notice ] Framerate: 83


--------------------------------------- 2016-05-06-11-56-33-035
[notice ] Framerate: 88


--------------------------------------- 2016-05-06-11-56-43-047
[notice ] Framerate: 74


--------------------------------------- 2016-05-06-11-56-53-058
[notice ] Framerate: 92


--------------------------------------- 2016-05-06-11-57-03-079
[notice ] Framerate: 89


--------------------------------------- 2016-05-06-11-57-13-106
[notice ] Framerate: 86


--------------------------------------- 2016-05-06-11-57-23-125
[notice ] Framerate: 91


--------------------------------------- 2016-05-06-11-57-33-136
[notice ] Framerate: 92


--------------------------------------- 2016-05-06-11-57-43-147
[notice ] Framerate: 64


--------------------------------------- 2016-05-06-11-57-53-161
[notice ] Framerate: 92


--------------------------------------- 2016-05-06-11-58-03-174
[notice ] Framerate: 87


--------------------------------------- 2016-05-06-11-58-13-194
[notice ] Framerate: 92


--------------------------------------- 2016-05-06-11-58-23-209
[notice ] Framerate: 92


--------------------------------------- 2016-05-06-11-58-33-227
[notice ] Framerate: 93


--------------------------------------- 2016-05-06-11-58-43-246
[notice ] Framerate: 92


--------------------------------------- 2016-05-06-11-58-53-265
[notice ] Framerate: 93


--------------------------------------- 2016-05-06-11-59-03-285
[notice ] Framerate: 92


--------------------------------------- 2016-05-06-11-59-13-300
[notice ] Framerate: 93


--------------------------------------- 2016-05-06-11-59-23-317
[notice ] Framerate: 91


--------------------------------------- 2016-05-06-11-59-33-338
[notice ] Framerate: 92


--------------------------------------- 2016-05-06-11-59-43-352
[notice ] Framerate: 92


--------------------------------------- 2016-05-06-11-59-53-373
[notice ] Framerate: 93


--------------------------------------- 2016-05-06-12-00-03-388
[notice ] Framerate: 93


--------------------------------------- 2016-05-06-12-00-13-404
[notice ] Framerate: 92


--------------------------------------- 2016-05-06-12-00-23-423
[notice ] Framerate: 93


--------------------------------------- 2016-05-06-12-00-33-439
[notice ] Framerate: 92


--------------------------------------- 2016-05-06-12-00-43-460
[notice ] Framerate: 92


--------------------------------------- 2016-05-06-12-00-53-475
[notice ] Framerate: 86


--------------------------------------- 2016-05-06-12-01-03-495
[notice ] Framerate: 85


--------------------------------------- 2016-05-06-12-01-13-517
[notice ] Framerate: 81


--------------------------------------- 2016-05-06-12-01-23-529
[notice ] Framerate: 81


--------------------------------------- 2016-05-06-12-01-33-538
[notice ] Framerate: 92


--------------------------------------- 2016-05-06-12-01-43-559
[notice ] Framerate: 65


--------------------------------------- 2016-05-06-12-01-53-581
[notice ] Framerate: 92


--------------------------------------- 2016-05-06-12-02-03-600
[notice ] Framerate: 92


--------------------------------------- 2016-05-06-12-02-13-612
[notice ] Framerate: 92


--------------------------------------- 2016-05-06-12-02-23-626
[notice ] Framerate: 91


--------------------------------------- 2016-05-06-12-02-33-637
[notice ] Framerate: 93


--------------------------------------- 2016-05-06-12-02-43-654
[notice ] Framerate: 92


--------------------------------------- 2016-05-06-12-02-53-677
[notice ] Framerate: 91


--------------------------------------- 2016-05-06-12-03-03-695
[notice ] Framerate: 92


--------------------------------------- 2016-05-06-12-03-13-713
[notice ] Framerate: 93


--------------------------------------- 2016-05-06-12-03-23-747
[notice ] Framerate: 56


--------------------------------------- 2016-05-06-12-03-33-765
[notice ] Framerate: 58


--------------------------------------- 2016-05-06-12-03-43-776
[notice ] Framerate: 51


--------------------------------------- 2016-05-06-12-03-53-799
[notice ] Framerate: 57


--------------------------------------- 2016-05-06-12-04-03-817
[notice ] Framerate: 57


--------------------------------------- 2016-05-06-12-04-13-837
[notice ] Framerate: 55


--------------------------------------- 2016-05-06-12-04-23-871
[notice ] Framerate: 57


--------------------------------------- 2016-05-06-12-04-33-906
[notice ] Framerate: 58


--------------------------------------- 2016-05-06-12-04-43-940
[notice ] Framerate: 42


--------------------------------------- 2016-05-06-12-04-53-992
[notice ] Framerate: 52


--------------------------------------- 2016-05-06-12-05-04-009
[notice ] Framerate: 52


--------------------------------------- 2016-05-06-12-05-14-045
[notice ] Framerate: 59


--------------------------------------- 2016-05-06-12-05-24-056
[notice ] Framerate: 59


--------------------------------------- 2016-05-06-12-05-34-072
[notice ] Framerate: 52


--------------------------------------- 2016-05-06-12-05-44-098
[notice ] Framerate: 54


--------------------------------------- 2016-05-06-12-05-54-110
[notice ] Framerate: 55


--------------------------------------- 2016-05-06-12-06-04-136
[notice ] Framerate: 57
